<?xml version="1.0" encoding="UTF-8"?>
<testsuite xmlns:xsi="http://www.w3.org/2001/XMLSchema-instance" xsi:noNamespaceSchemaLocation="https://maven.apache.org/surefire/maven-surefire-plugin/xsd/surefire-test-report-3.0.xsd" version="3.0" name="com.bahamon.configserver.ConfigServerApplicationTests" time="3.538" tests="1" errors="0" skipped="0" failures="0">
  <properties>
[...]
</properties>
  <testcase name="contextLoads" classname="com.bahamon.configserver.ConfigServerApplicationTests" time="0.613">
    <system-out><![CDATA[10:41:11.114 [main] INFO org.springframework.test.context.support.AnnotationConfigContextLoaderUtils -- Could not detect default configuration classes for test class [com.bahamon.configserver.ConfigServerApplicationTests]: ConfigServerApplicationTests does not declare any static, non-private, non-final, nested classes annotated with @Configuration.
10:41:11.201 [main] INFO org.springframework.boot.test.context.SpringBootTestContextBootstrapper -- Found @SpringBootConfiguration com.bahamon.configserver.ConfigServerApplication for test class com.bahamon.configserver.ConfigServerApplicationTests

  .   ____          _            __ _ _
 /\\ / ___'_ __ _ _(_)_ __  __ _ \ \ \ \
( ( )\___ | '_ | '_| | '_ \/ _` | \ \ \ \
 \\/  ___)| |_)| | | | | || (_| |  ) ) ) )
  '  |____| .__|_| |_|_| |_\__, | / / / /
 =========|_|==============|___/=/_/_/_/
 :: Spring Boot ::                (v3.2.5)

2024-04-30T10:41:11.709-05:00  INFO 49821 --- [config-server] [           main] c.b.c.ConfigServerApplicationTests       : Starting ConfigServerApplicationTests using Java 17.0.7 with PID 49821 (started by admin in /Users/admin/Documents/Personal/Microservicios/ms-repository-company/config-server)
2024-04-30T10:41:11.710-05:00  INFO 49821 --- [config-server] [           main] c.b.c.ConfigServerApplicationTests       : No active profile set, falling back to 1 default profile: "default"
2024-04-30T10:41:12.706-05:00  INFO 49821 --- [config-server] [           main] o.s.cloud.context.scope.GenericScope     : BeanFactory id=c4f0617a-1ca3-352b-b4ba-60d33261f536
2024-04-30T10:41:13.776-05:00  INFO 49821 --- [config-server] [           main] o.s.b.a.e.web.EndpointLinksResolver      : Exposing 1 endpoint(s) beneath base path '/actuator'
2024-04-30T10:41:13.829-05:00  INFO 49821 --- [config-server] [           main] c.b.c.ConfigServerApplicationTests       : Started ConfigServerApplicationTests in 2.395 seconds (process running for 3.281)
]]></system-out>
  </testcase>
</testsuite>